[debug] [2025-10-11T22:50:37.841Z] ----------------------------------------------------------------------
[debug] [2025-10-11T22:50:37.843Z] Command:       /Users/greenxense/.nvm/versions/node/v22.14.0/bin/node /Users/greenxense/.nvm/versions/node/v22.14.0/bin/firebase init
[debug] [2025-10-11T22:50:37.843Z] CLI Version:   14.16.0
[debug] [2025-10-11T22:50:37.843Z] Platform:      darwin
[debug] [2025-10-11T22:50:37.843Z] Node Version:  v22.14.0
[debug] [2025-10-11T22:50:37.843Z] Time:          Sat Oct 11 2025 16:50:37 GMT-0600 (Central Standard Time)
[debug] [2025-10-11T22:50:37.843Z] ----------------------------------------------------------------------
[debug] 
[debug] [2025-10-11T22:50:37.844Z] >>> [apiv2][query] GET https://firebase-public.firebaseio.com/cli.json [none]
[debug] [2025-10-11T22:50:37.978Z] > command requires scopes: ["email","openid","https://www.googleapis.com/auth/cloudplatformprojects.readonly","https://www.googleapis.com/auth/firebase","https://www.googleapis.com/auth/cloud-platform"]
[debug] [2025-10-11T22:50:37.978Z] > authorizing via signed-in user (wajib10@gmail.com)
[info] 
     ######## #### ########  ######## ########     ###     ######  ########
     ##        ##  ##     ## ##       ##     ##  ##   ##  ##       ##
     ######    ##  ########  ######   ########  #########  ######  ######
     ##        ##  ##    ##  ##       ##     ## ##     ##       ## ##
     ##       #### ##     ## ######## ########  ##     ##  ######  ########

You're about to initialize a Firebase project in this directory:

  /Users/greenxense/Documents/Personal/enso

Before we get started, keep in mind:

  * You are initializing within an existing Firebase project directory

[debug] [2025-10-11T22:50:38.284Z] <<< [apiv2][status] GET https://firebase-public.firebaseio.com/cli.json 200
[debug] [2025-10-11T22:50:38.285Z] <<< [apiv2][body] GET https://firebase-public.firebaseio.com/cli.json {"cloudBuildErrorAfter":1594252800000,"cloudBuildWarnAfter":1590019200000,"defaultNode10After":1594252800000,"minVersion":"3.0.5","node8DeploysDisabledAfter":1613390400000,"node8RuntimeDisabledAfter":1615809600000,"node8WarnAfter":1600128000000}
[debug] [2025-10-11T22:50:52.503Z] ExitPromptError: User force closed the prompt with SIGINT
    at Interface.sigint (/Users/greenxense/.nvm/versions/node/v22.14.0/lib/node_modules/firebase-tools/node_modules/@inquirer/core/dist/commonjs/lib/create-prompt.js:101:37)
    at Interface.emit (node:events:518:28)
    at Interface.emit (node:domain:489:12)
    at [_ttyWrite] [as _ttyWrite] (node:internal/readline/interface:1124:18)
    at ReadStream.onkeypress (node:internal/readline/interface:263:20)
    at ReadStream.emit (node:events:530:35)
    at ReadStream.emit (node:domain:489:12)
    at emitKeys (node:internal/readline/utils:370:14)
    at emitKeys.next (<anonymous>)
    at ReadStream.onData (node:internal/readline/emitKeypressEvents:64:36)
[error] 
[error] Error: An unexpected error has occurred.
